help.are
h-immref.hlp
limbo.are
newbieeq.are
arena.are
smurf.are
kavir.are
plains.are
kefka.are
ofcol2.are
olympus.are
air.are
shire.are
hitower.are
gnome.are
wyvern.are
catacomb.are
hood.are
draconia.are
mahntor.are
ultima.are
pyramid.are
trollden.are
firenewt.are
midgaard.are
chapel.are
midennir.are
grave.are
school.are
moria.are
juargan.are
eastern.are
drow.are
thalos.are
mirror.are
ofcol.are
haon.are
arachnos.are
dwarven.are
daycare.are
sewer.are
astral.are
valley.are
redferne.are
mega1.are
atlantis.are
marsh.are
dream.are
grove.are
dylan.are
canyon.are
galaxy.are
mobfact.are
dragonf.are
dtemple.are
centuarv.are
doom.are
eoeasy.are
dheart.are
narena.are
hallotit.are
sockarea.are
link.are
start.are
hohen.are
magetest.are
abode.are
morg.are
quest.are
relic.are
weed.are
vallandar.are
geo.are
sunyata.are
eohard.are
stlouis.are
madness.are
emotion.are
ravenloft.are
$
